Started by user [8mha:////4HoC9pfK79y9WHjq4C3una1gSvA7Gi87OpdOvLtE15S4AAAAmR+LCAAAAAAAAP9b85aBtbiIQTGjNKU4P08vOT+vOD8nVc83PyU1x6OyILUoJzMv2y+/JJUBAhiZGBgqihhk0NSjKDWzXb3RdlLBUSYGJk8GtpzUvPSSDB8G5tKinBIGIZ+sxLJE/ZzEvHT94JKizLx0a6BxUmjGOUNodHsLgAz2EgZe/dLi1CL9rNS87My8YgDGtiJjwgAAAA==[0mjenkins
Running as SYSTEM
Building in workspace /var/jenkins_home/workspace/maven_dsl
The recommended git tool is: NONE
No credentials specified
Cloning the remote Git repository
Cloning repository https://github.com/jenkins-docs/simple-java-maven-app
 > git init /var/jenkins_home/workspace/maven_dsl # timeout=10
Fetching upstream changes from https://github.com/jenkins-docs/simple-java-maven-app
 > git --version # timeout=10
 > git --version # 'git version 2.20.1'
 > git fetch --tags --force --progress -- https://github.com/jenkins-docs/simple-java-maven-app +refs/heads/*:refs/remotes/origin/* # timeout=10
 > git config remote.origin.url https://github.com/jenkins-docs/simple-java-maven-app # timeout=10
 > git config --add remote.origin.fetch +refs/heads/*:refs/remotes/origin/* # timeout=10
Avoid second fetch
 > git rev-parse origin/master^{commit} # timeout=10
Checking out Revision 0d85b7e1fd39bc6978511f92381aa10534ca4c1b (origin/master)
 > git config core.sparsecheckout # timeout=10
 > git checkout -f 0d85b7e1fd39bc6978511f92381aa10534ca4c1b # timeout=10
Commit message: "Amend README.md"
First time build. Skipping changelog.
[maven_dsl] $ mvn -B -DskipTests clean package
FATAL: command execution failed
java.io.IOException: error=2, No such file or directory
	at java.lang.UNIXProcess.forkAndExec(Native Method)
	at java.lang.UNIXProcess.<init>(UNIXProcess.java:247)
	at java.lang.ProcessImpl.start(ProcessImpl.java:134)
	at java.lang.ProcessBuilder.start(ProcessBuilder.java:1029)
Caused: java.io.IOException: Cannot run program "mvn" (in directory "/var/jenkins_home/workspace/maven_dsl"): error=2, No such file or directory
	at java.lang.ProcessBuilder.start(ProcessBuilder.java:1048)
	at hudson.Proc$LocalProc.<init>(Proc.java:252)
	at hudson.Proc$LocalProc.<init>(Proc.java:221)
	at hudson.Launcher$LocalLauncher.launch(Launcher.java:996)
	at hudson.Launcher$ProcStarter.start(Launcher.java:508)
	at hudson.Launcher$ProcStarter.join(Launcher.java:519)
	at hudson.tasks.Maven.perform(Maven.java:368)
	at hudson.tasks.BuildStepMonitor$1.perform(BuildStepMonitor.java:20)
	at hudson.model.AbstractBuild$AbstractBuildExecution.perform(AbstractBuild.java:803)
	at hudson.model.Build$BuildExecution.build(Build.java:197)
	at hudson.model.Build$BuildExecution.doRun(Build.java:163)
	at hudson.model.AbstractBuild$AbstractBuildExecution.run(AbstractBuild.java:513)
	at hudson.model.Run.execute(Run.java:1908)
	at hudson.model.FreeStyleBuild.run(FreeStyleBuild.java:43)
	at hudson.model.ResourceController.execute(ResourceController.java:97)
	at hudson.model.Executor.run(Executor.java:429)
Build step 'Invoke top-level Maven targets' marked build as failure
Archiving artifacts
Recording test results
ERROR: Step â€˜Publish JUnit test result reportâ€™ failed: No test report files were found. Configuration error?
Sending e-mails to: ricardo.andre.gonzalez07@gmail.com
ERROR: 554 Message rejected: Email address is not verified. The following identities failed the check in region US-WEST-1: ricardo.andre.gonzalez07@gmail.com

com.sun.mail.smtp.SMTPSendFailedException: 554 Message rejected: Email address is not verified. The following identities failed the check in region US-WEST-1: ricardo.andre.gonzalez07@gmail.com

	at com.sun.mail.smtp.SMTPTransport.issueSendCommand(SMTPTransport.java:2374)
	at com.sun.mail.smtp.SMTPTransport.finishData(SMTPTransport.java:2095)
	at com.sun.mail.smtp.SMTPTransport.sendMessage(SMTPTransport.java:1301)
	at javax.mail.Transport.send0(Transport.java:231)
	at javax.mail.Transport.send(Transport.java:100)
	at hudson.tasks.MailSender.run(MailSender.java:131)
	at hudson.tasks.Mailer.perform(Mailer.java:179)
	at hudson.tasks.Mailer.perform(Mailer.java:142)
	at hudson.tasks.BuildStepMonitor$1.perform(BuildStepMonitor.java:20)
	at hudson.model.AbstractBuild$AbstractBuildExecution.perform(AbstractBuild.java:803)
	at hudson.model.AbstractBuild$AbstractBuildExecution.performAllBuildSteps(AbstractBuild.java:752)
	at hudson.model.Build$BuildExecution.post2(Build.java:177)
	at hudson.model.AbstractBuild$AbstractBuildExecution.post(AbstractBuild.java:697)
	at hudson.model.Run.execute(Run.java:1933)
	at hudson.model.FreeStyleBuild.run(FreeStyleBuild.java:43)
	at hudson.model.ResourceController.execute(ResourceController.java:97)
	at hudson.model.Executor.run(Executor.java:429)
Finished: FAILURE
